45010
45015
45023
45048
45056
45091
45100
45115
45123
45158
45160
45163
45177
45188
45201
45217
45221
45222
45246
45253
45270
45272
45275
45277
45285
45290
45291
45333
45356
45362
45367
45394
45399
45405
45408
45419
45432
45435
45441
45443
45451
45457
45461
45462
45466
45477
45481
45487
45496
45499
45502
45557
45561
45583
45595
45615
45616
45622
45633
45639
45648
45687
45694
45695
45697
45710
45712
45734
45740
45745
45747
45846
45870
45871
45881
45889
45890
45915
45917
45940
45954
46015
46027
46032
46035
46038
46056
46067
46082
46098
46134
46146
46158
46163
46168
46172
46192
46218
46254
46274
46277
46284
46312
46359
46361
46368
46373
46384
46390
46407
46421
46484
46515
46516
46519
46524
46525
46530
46539
46551
46573
46575
46582
46587
46626
46673
46702
46710
46714
46715
46744
46746
46759
46817
46825
46826
46840
46843
46847
46851
46854
46867
46898
46901
46970
46972
46994
47020
47024
47025
47026
47035
47046
47071
47084
47086
47126
47137
47157
47160
47162
47164
47172
47186
47188
47190
47192
47200
47216
47218
47229
47238
47262
47273
47279
47287
47294
47325
47366
47372
47379
47389
47418
47420
47432
47435
47437
47486
47526
47548
47549
47572
47573
47612
47619
47621
47645
47667
47687
